[06-Oct-2025 20:08:18 America/Bogota] PHP Fatal error:  Uncaught Error: Call to undefined function e() in C:\xampp\htdocs\Book-ary\admin\libros\index.php:70
Stack trace:
#0 {main}
  thrown in C:\xampp\htdocs\Book-ary\admin\libros\index.php on line 70
[06-Oct-2025 20:09:00 America/Bogota] PHP Fatal error:  Uncaught Error: Call to undefined function e() in C:\xampp\htdocs\Book-ary\admin\libros\index.php:70
Stack trace:
#0 {main}
  thrown in C:\xampp\htdocs\Book-ary\admin\libros\index.php on line 70
[06-Oct-2025 20:09:05 America/Bogota] PHP Fatal error:  Uncaught Error: Call to undefined function e() in C:\xampp\htdocs\Book-ary\admin\prestamos\index.php:84
Stack trace:
#0 {main}
  thrown in C:\xampp\htdocs\Book-ary\admin\prestamos\index.php on line 84
[07-Oct-2025 19:22:18 America/Bogota] PHP Fatal error:  Uncaught Error: Call to undefined function e() in C:\xampp\htdocs\Book-ary\admin\libros\index.php:70
Stack trace:
#0 {main}
  thrown in C:\xampp\htdocs\Book-ary\admin\libros\index.php on line 70
[07-Oct-2025 19:24:03 America/Bogota] PHP Fatal error:  Uncaught Error: Call to undefined function e() in C:\xampp\htdocs\Book-ary\admin\libros\index.php:70
Stack trace:
#0 {main}
  thrown in C:\xampp\htdocs\Book-ary\admin\libros\index.php on line 70
[07-Oct-2025 19:24:50 America/Bogota] PHP Fatal error:  Uncaught Error: Call to undefined function e() in C:\xampp\htdocs\Book-ary\admin\libros\index.php:70
Stack trace:
#0 {main}
  thrown in C:\xampp\htdocs\Book-ary\admin\libros\index.php on line 70
[07-Oct-2025 19:25:15 America/Bogota] PHP Fatal error:  Uncaught Error: Call to undefined function e() in C:\xampp\htdocs\Book-ary\admin\libros\index.php:70
Stack trace:
#0 {main}
  thrown in C:\xampp\htdocs\Book-ary\admin\libros\index.php on line 70
[07-Oct-2025 20:01:05 America/Bogota] PHP Fatal error:  Uncaught Error: Call to undefined function e() in C:\xampp\htdocs\Book-ary\admin\libros\index.php:70
Stack trace:
#0 {main}
  thrown in C:\xampp\htdocs\Book-ary\admin\libros\index.php on line 70
[07-Oct-2025 20:10:45 America/Bogota] PHP Fatal error:  Uncaught Error: Call to undefined function e() in C:\xampp\htdocs\Book-ary\admin\libros\index.php:70
Stack trace:
#0 {main}
  thrown in C:\xampp\htdocs\Book-ary\admin\libros\index.php on line 70
[07-Oct-2025 20:11:39 America/Bogota] PHP Fatal error:  Uncaught Error: Call to undefined function e() in C:\xampp\htdocs\Book-ary\admin\libros\index.php:70
Stack trace:
#0 {main}
  thrown in C:\xampp\htdocs\Book-ary\admin\libros\index.php on line 70
[07-Oct-2025 20:28:19 America/Bogota] PHP Fatal error:  Uncaught Error: Call to undefined function e() in C:\xampp\htdocs\Book-ary\admin\libros\index.php:70
Stack trace:
#0 {main}
  thrown in C:\xampp\htdocs\Book-ary\admin\libros\index.php on line 70
[07-Oct-2025 20:28:21 America/Bogota] PHP Fatal error:  Uncaught Error: Call to undefined function e() in C:\xampp\htdocs\Book-ary\admin\libros\index.php:70
Stack trace:
#0 {main}
  thrown in C:\xampp\htdocs\Book-ary\admin\libros\index.php on line 70
[07-Oct-2025 20:28:22 America/Bogota] PHP Fatal error:  Uncaught Error: Call to undefined function e() in C:\xampp\htdocs\Book-ary\admin\libros\index.php:70
Stack trace:
#0 {main}
  thrown in C:\xampp\htdocs\Book-ary\admin\libros\index.php on line 70
[07-Oct-2025 20:28:42 America/Bogota] PHP Fatal error:  Uncaught Error: Call to undefined function e() in C:\xampp\htdocs\Book-ary\admin\libros\index.php:70
Stack trace:
#0 {main}
  thrown in C:\xampp\htdocs\Book-ary\admin\libros\index.php on line 70
[07-Oct-2025 20:48:35 America/Bogota] PHP Fatal error:  Uncaught Error: Call to undefined function e() in C:\xampp\htdocs\Book-ary\admin\libros\index.php:73
Stack trace:
#0 {main}
  thrown in C:\xampp\htdocs\Book-ary\admin\libros\index.php on line 73
[07-Oct-2025 20:48:42 America/Bogota] PHP Fatal error:  Uncaught Error: Call to undefined function e() in C:\xampp\htdocs\Book-ary\admin\libros\index.php:73
Stack trace:
#0 {main}
  thrown in C:\xampp\htdocs\Book-ary\admin\libros\index.php on line 73
[07-Oct-2025 20:49:40 America/Bogota] PHP Fatal error:  Uncaught Error: Call to undefined function e() in C:\xampp\htdocs\Book-ary\admin\libros\index.php:73
Stack trace:
#0 {main}
  thrown in C:\xampp\htdocs\Book-ary\admin\libros\index.php on line 73
[07-Oct-2025 20:58:26 America/Bogota] PHP Fatal error:  Uncaught Error: Call to undefined function e() in C:\xampp\htdocs\Book-ary\admin\prestamos\index.php:84
Stack trace:
#0 {main}
  thrown in C:\xampp\htdocs\Book-ary\admin\prestamos\index.php on line 84
[07-Oct-2025 20:59:44 America/Bogota] PHP Fatal error:  Uncaught Error: Call to undefined function e() in C:\xampp\htdocs\Book-ary\admin\prestamos\index.php:84
Stack trace:
#0 {main}
  thrown in C:\xampp\htdocs\Book-ary\admin\prestamos\index.php on line 84
[07-Oct-2025 21:16:37 America/Bogota] PHP Fatal error:  Uncaught Error: Call to undefined function e() in C:\xampp\htdocs\Book-ary\student\mis-prestamos.php:73
Stack trace:
#0 {main}
  thrown in C:\xampp\htdocs\Book-ary\student\mis-prestamos.php on line 73
[07-Oct-2025 21:30:28 America/Bogota] PHP Fatal error:  Uncaught Error: Call to undefined function e() in C:\xampp\htdocs\Book-ary\student\catalogo.php:83
Stack trace:
#0 {main}
  thrown in C:\xampp\htdocs\Book-ary\student\catalogo.php on line 83
[07-Oct-2025 21:30:35 America/Bogota] PHP Fatal error:  Uncaught Error: Call to undefined function e() in C:\xampp\htdocs\Book-ary\student\mis-prestamos.php:73
Stack trace:
#0 {main}
  thrown in C:\xampp\htdocs\Book-ary\student\mis-prestamos.php on line 73
[07-Oct-2025 21:30:40 America/Bogota] PHP Fatal error:  Uncaught Error: Call to undefined function e() in C:\xampp\htdocs\Book-ary\student\historial.php:73
Stack trace:
#0 {main}
  thrown in C:\xampp\htdocs\Book-ary\student\historial.php on line 73
[16-Oct-2025 07:27:59 America/Bogota] PHP Fatal error:  Uncaught Error: Call to undefined function e() in C:\xampp\htdocs\Book-ary\student\catalogo.php:83
Stack trace:
#0 {main}
  thrown in C:\xampp\htdocs\Book-ary\student\catalogo.php on line 83
[16-Oct-2025 07:28:13 America/Bogota] PHP Fatal error:  Uncaught Error: Call to undefined function e() in C:\xampp\htdocs\Book-ary\student\historial.php:73
Stack trace:
#0 {main}
  thrown in C:\xampp\htdocs\Book-ary\student\historial.php on line 73
[16-Oct-2025 07:53:09 America/Bogota] PHP Fatal error:  Uncaught Error: Call to undefined function e() in C:\xampp\htdocs\Book-ary\student\mis-prestamos.php:73
Stack trace:
#0 {main}
  thrown in C:\xampp\htdocs\Book-ary\student\mis-prestamos.php on line 73
[16-Oct-2025 07:53:14 America/Bogota] PHP Fatal error:  Uncaught Error: Call to undefined function e() in C:\xampp\htdocs\Book-ary\student\catalogo.php:83
Stack trace:
#0 {main}
  thrown in C:\xampp\htdocs\Book-ary\student\catalogo.php on line 83
[18-Oct-2025 19:43:36 America/Bogota] PHP Fatal error:  Uncaught Error: Call to undefined function e() in C:\xampp\htdocs\Book-ary\admin\prestamos\crear.php:63
Stack trace:
#0 {main}
  thrown in C:\xampp\htdocs\Book-ary\admin\prestamos\crear.php on line 63
[18-Oct-2025 19:44:42 America/Bogota] PHP Fatal error:  Uncaught Error: Call to undefined function e() in C:\xampp\htdocs\Book-ary\admin\prestamos\crear.php:63
Stack trace:
#0 {main}
  thrown in C:\xampp\htdocs\Book-ary\admin\prestamos\crear.php on line 63
[18-Oct-2025 19:45:32 America/Bogota] PHP Fatal error:  Uncaught Error: Call to undefined function e() in C:\xampp\htdocs\Book-ary\admin\prestamos\crear.php:63
Stack trace:
#0 {main}
  thrown in C:\xampp\htdocs\Book-ary\admin\prestamos\crear.php on line 63
[18-Oct-2025 19:45:45 America/Bogota] PHP Fatal error:  Uncaught Error: Call to undefined function e() in C:\xampp\htdocs\Book-ary\admin\prestamos\crear.php:63
Stack trace:
#0 {main}
  thrown in C:\xampp\htdocs\Book-ary\admin\prestamos\crear.php on line 63
[18-Oct-2025 19:46:38 America/Bogota] PHP Fatal error:  Uncaught Error: Call to undefined function e() in C:\xampp\htdocs\Book-ary\admin\prestamos\crear.php:63
Stack trace:
#0 {main}
  thrown in C:\xampp\htdocs\Book-ary\admin\prestamos\crear.php on line 63
[19-Oct-2025 12:08:00 America/Bogota] PHP Warning:  Undefined variable $pendingRequestCount in C:\xampp\htdocs\Book-ary\student\catalogo.php on line 97
[19-Oct-2025 12:08:00 America/Bogota] PHP Warning:  Undefined variable $userInitial in C:\xampp\htdocs\Book-ary\student\catalogo.php on line 115
[19-Oct-2025 12:10:26 America/Bogota] PHP Warning:  Undefined variable $pendingRequestCount in C:\xampp\htdocs\Book-ary\student\catalogo.php on line 97
[19-Oct-2025 12:10:26 America/Bogota] PHP Warning:  Undefined variable $userInitial in C:\xampp\htdocs\Book-ary\student\catalogo.php on line 115
[19-Oct-2025 12:11:33 America/Bogota] PHP Warning:  Undefined variable $pendingRequestCount in C:\xampp\htdocs\Book-ary\student\catalogo.php on line 97
[19-Oct-2025 12:11:33 America/Bogota] PHP Warning:  Undefined variable $userInitial in C:\xampp\htdocs\Book-ary\student\catalogo.php on line 115
[20-Oct-2025 22:22:01 America/Bogota] PHP Warning:  Undefined variable $pendingRequestCount in C:\xampp\htdocs\Book-ary\student\catalogo.php on line 97
[20-Oct-2025 22:22:01 America/Bogota] PHP Warning:  Undefined variable $userInitial in C:\xampp\htdocs\Book-ary\student\catalogo.php on line 115
[24-Oct-2025 00:19:23 America/Bogota] PHP Warning:  Undefined variable $pendingRequests in C:\xampp\htdocs\Book-ary\admin\libros\index.php on line 61
[24-Oct-2025 00:19:23 America/Bogota] PHP Warning:  Undefined variable $userInitial in C:\xampp\htdocs\Book-ary\admin\libros\index.php on line 95
[24-Oct-2025 00:21:23 America/Bogota] PHP Warning:  Undefined variable $pendingRequests in C:\xampp\htdocs\Book-ary\admin\libros\index.php on line 61
[24-Oct-2025 00:21:23 America/Bogota] PHP Warning:  Undefined variable $userInitial in C:\xampp\htdocs\Book-ary\admin\libros\index.php on line 95
[24-Oct-2025 00:22:24 America/Bogota] PHP Warning:  Undefined variable $pendingRequests in C:\xampp\htdocs\Book-ary\admin\libros\index.php on line 61
[24-Oct-2025 00:22:24 America/Bogota] PHP Warning:  Undefined variable $userInitial in C:\xampp\htdocs\Book-ary\admin\libros\index.php on line 95
[24-Oct-2025 00:24:15 America/Bogota] PHP Warning:  Array to string conversion in C:\xampp\htdocs\Book-ary\admin\solicitudes\index.php on line 55
[24-Oct-2025 00:24:15 America/Bogota] PHP Warning:  Undefined variable $userInitial in C:\xampp\htdocs\Book-ary\admin\solicitudes\index.php on line 87
[24-Oct-2025 00:25:14 America/Bogota] PHP Warning:  Undefined variable $pendingRequests in C:\xampp\htdocs\Book-ary\admin\prestamos\index.php on line 74
[24-Oct-2025 00:25:14 America/Bogota] PHP Warning:  Undefined variable $userInitial in C:\xampp\htdocs\Book-ary\admin\prestamos\index.php on line 108
[24-Oct-2025 00:32:21 America/Bogota] PHP Warning:  Undefined variable $pendingRequestCount in C:\xampp\htdocs\Book-ary\student\catalogo.php on line 97
[24-Oct-2025 00:32:21 America/Bogota] PHP Warning:  Undefined variable $userInitial in C:\xampp\htdocs\Book-ary\student\catalogo.php on line 116
[24-Oct-2025 00:33:08 America/Bogota] PHP Warning:  Undefined variable $pendingRequestCount in C:\xampp\htdocs\Book-ary\student\catalogo.php on line 97
[24-Oct-2025 00:33:08 America/Bogota] PHP Warning:  Undefined variable $userInitial in C:\xampp\htdocs\Book-ary\student\catalogo.php on line 116
[24-Oct-2025 00:34:10 America/Bogota] PHP Warning:  Undefined variable $pendingRequestCount in C:\xampp\htdocs\Book-ary\student\catalogo.php on line 97
[24-Oct-2025 00:34:10 America/Bogota] PHP Warning:  Undefined variable $userInitial in C:\xampp\htdocs\Book-ary\student\catalogo.php on line 120
[24-Oct-2025 00:35:59 America/Bogota] PHP Warning:  Undefined variable $pendingRequestCount in C:\xampp\htdocs\Book-ary\student\mis-prestamos.php on line 64
[24-Oct-2025 00:35:59 America/Bogota] PHP Warning:  Undefined variable $userInitial in C:\xampp\htdocs\Book-ary\student\mis-prestamos.php on line 87
[24-Oct-2025 00:36:27 America/Bogota] PHP Warning:  Undefined variable $pendingRequestCount in C:\xampp\htdocs\Book-ary\student\solicitudes.php on line 70
[24-Oct-2025 00:36:27 America/Bogota] PHP Warning:  Undefined variable $userInitial in C:\xampp\htdocs\Book-ary\student\solicitudes.php on line 93
[24-Oct-2025 00:37:48 America/Bogota] PHP Warning:  Undefined variable $pendingRequestCount in C:\xampp\htdocs\Book-ary\student\solicitudes.php on line 70
[24-Oct-2025 00:37:48 America/Bogota] PHP Warning:  Undefined variable $userInitial in C:\xampp\htdocs\Book-ary\student\solicitudes.php on line 93
[24-Oct-2025 00:38:26 America/Bogota] PHP Warning:  Undefined variable $pendingRequestCount in C:\xampp\htdocs\Book-ary\student\solicitudes.php on line 70
[24-Oct-2025 00:38:26 America/Bogota] PHP Warning:  Undefined variable $userInitial in C:\xampp\htdocs\Book-ary\student\solicitudes.php on line 93
[24-Oct-2025 00:38:48 America/Bogota] PHP Warning:  Undefined variable $pendingRequestCount in C:\xampp\htdocs\Book-ary\student\eventos.php on line 68
